<?xml version="1.0" encoding="UTF-8"?>
<testng-results skipped="0" failed="0" ignored="0" total="1" passed="1">
  <reporter-output>
  </reporter-output>
  <suite name="Default suite" duration-ms="27349" started-at="2019-10-23T15:39:25Z" finished-at="2019-10-23T15:39:52Z">
    <groups>
    </groups>
    <test name="Default test" duration-ms="27349" started-at="2019-10-23T15:39:25Z" finished-at="2019-10-23T15:39:52Z">
      <class name="com.TestNG.DriverMethods">
        <test-method status="PASS" signature="launchBrowser()[pri:0, instance:com.TestNG.DriverMethods@4c70fda8]" name="launchBrowser" duration-ms="27249" started-at="2019-10-23T21:09:25Z" finished-at="2019-10-23T21:09:52Z">
          <reporter-output>
          </reporter-output>
        </test-method> <!-- launchBrowser -->
      </class> <!-- com.TestNG.DriverMethods -->
    </test> <!-- Default test -->
  </suite> <!-- Default suite -->
</testng-results>
